<?xml version="1.0" encoding="UTF-8"?>
<coverage generated="1782202158420" clover="3.2.0">
  <project timestamp="1782202158420" name="All files">
    <metrics statements="5" coveredstatements="5" conditionals="0" coveredconditionals="0" methods="4" coveredmethods="4" elements="9" coveredelements="9" complexity="0" loc="5" ncloc="5" packages="1" files="1" classes="1"/>
    <file name="AppLayout.jsx" path="C:\Users\John Patrick Lalo\OneDrive\Desktop\after thesis shits here\frontend sightsync obj1\frontend\src\components\AppLayout.jsx">
      <metrics statements="5" coveredstatements="5" conditionals="0" coveredconditionals="0" methods="4" coveredmethods="4"/>
      <line num="5" count="9" type="stmt"/>
      <line num="7" count="9" type="stmt"/>
      <line num="20" count="1" type="stmt"/>
      <line num="25" count="2" type="stmt"/>
      <line num="30" count="2" type="stmt"/>
    </file>
  </project>
</coverage>
