{"C:\\Users\\Dexter\\OneDrive\\Documents\\Frontend sightsync objective 2\\frontend\\src\\components\\InventoryForm.jsx": {"path":"C:\\Users\\Dexter\\OneDrive\\Documents\\Frontend sightsync objective 2\\frontend\\src\\components\\InventoryForm.jsx","statementMap":{"0":{"start":{"line":7,"column":15},"end":{"line":7,"column":null}},"1":{"start":{"line":8,"column":15},"end":{"line":8,"column":null}},"2":{"start":{"line":9,"column":16},"end":{"line":9,"column":null}},"3":{"start":{"line":10,"column":16},"end":{"line":10,"column":null}},"4":{"start":{"line":12,"column":8},"end":{"line":37,"column":null}},"5":{"start":{"line":13,"column":4},"end":{"line":13,"column":null}},"6":{"start":{"line":15,"column":4},"end":{"line":18,"column":null}},"7":{"start":{"line":16,"column":6},"end":{"line":16,"column":null}},"8":{"start":{"line":17,"column":6},"end":{"line":17,"column":null}},"9":{"start":{"line":20,"column":23},"end":{"line":26,"column":null}},"10":{"start":{"line":28,"column":4},"end":{"line":31,"column":null}},"11":{"start":{"line":33,"column":4},"end":{"line":33,"column":null}},"12":{"start":{"line":34,"column":4},"end":{"line":34,"column":null}},"13":{"start":{"line":35,"column":4},"end":{"line":35,"column":null}},"14":{"start":{"line":36,"column":4},"end":{"line":36,"column":null}},"15":{"start":{"line":39,"column":2},"end":{"line":102,"column":null}},"16":{"start":{"line":49,"column":12},"end":{"line":49,"column":null}},"17":{"start":{"line":59,"column":12},"end":{"line":59,"column":null}},"18":{"start":{"line":79,"column":12},"end":{"line":79,"column":null}},"19":{"start":{"line":91,"column":12},"end":{"line":91,"column":null}}},"fnMap":{"0":{"name":"InventoryForm","decl":{"start":{"line":3,"column":9},"end":{"line":3,"column":23}},"loc":{"start":{"line":6,"column":3},"end":{"line":104,"column":null}},"line":6},"1":{"name":"(anonymous_1)","decl":{"start":{"line":12,"column":8},"end":{"line":12,"column":24}},"loc":{"start":{"line":12,"column":30},"end":{"line":37,"column":null}},"line":12},"2":{"name":"(anonymous_2)","decl":{"start":{"line":48,"column":10},"end":{"line":48,"column":21}},"loc":{"start":{"line":49,"column":12},"end":{"line":49,"column":null}},"line":49},"3":{"name":"(anonymous_3)","decl":{"start":{"line":58,"column":10},"end":{"line":58,"column":21}},"loc":{"start":{"line":59,"column":12},"end":{"line":59,"column":null}},"line":59},"4":{"name":"(anonymous_4)","decl":{"start":{"line":78,"column":10},"end":{"line":78,"column":21}},"loc":{"start":{"line":79,"column":12},"end":{"line":79,"column":null}},"line":79},"5":{"name":"(anonymous_5)","decl":{"start":{"line":90,"column":10},"end":{"line":90,"column":21}},"loc":{"start":{"line":91,"column":12},"end":{"line":91,"column":null}},"line":91}},"branchMap":{"0":{"loc":{"start":{"line":15,"column":4},"end":{"line":18,"column":null}},"type":"if","locations":[{"start":{"line":15,"column":4},"end":{"line":18,"column":null}},{"start":{},"end":{}}],"line":15},"1":{"loc":{"start":{"line":15,"column":8},"end":{"line":15,"column":35}},"type":"binary-expr","locations":[{"start":{"line":15,"column":8},"end":{"line":15,"column":17}},{"start":{"line":15,"column":17},"end":{"line":15,"column":27}},{"start":{"line":15,"column":27},"end":{"line":15,"column":35}}],"line":15}},"s":{"0":71,"1":71,"2":71,"3":71,"4":71,"5":4,"6":4,"7":3,"8":3,"9":1,"10":1,"11":1,"12":1,"13":1,"14":1,"15":71,"16":52,"17":1,"18":8,"19":4},"f":{"0":71,"1":4,"2":52,"3":1,"4":8,"5":4},"b":{"0":[3,1],"1":[4,4,2]},"meta":{"lastBranch":2,"lastFunction":6,"lastStatement":20,"seen":{"f:3:9:3:23":0,"s:7:15:7:Infinity":0,"s:8:15:8:Infinity":1,"s:9:16:9:Infinity":2,"s:10:16:10:Infinity":3,"s:12:8:37:Infinity":4,"f:12:8:12:24":1,"s:13:4:13:Infinity":5,"b:15:4:18:Infinity:undefined:undefined:undefined:undefined":0,"s:15:4:18:Infinity":6,"b:15:8:15:17:15:17:15:27:15:27:15:35":1,"s:16:6:16:Infinity":7,"s:17:6:17:Infinity":8,"s:20:23:26:Infinity":9,"s:28:4:31:Infinity":10,"s:33:4:33:Infinity":11,"s:34:4:34:Infinity":12,"s:35:4:35:Infinity":13,"s:36:4:36:Infinity":14,"s:39:2:102:Infinity":15,"f:48:10:48:21":2,"s:49:12:49:Infinity":16,"f:58:10:58:21":3,"s:59:12:59:Infinity":17,"f:78:10:78:21":4,"s:79:12:79:Infinity":18,"f:90:10:90:21":5,"s:91:12:91:Infinity":19},"fnNames":{}}}
,"C:\\Users\\Dexter\\OneDrive\\Documents\\Frontend sightsync objective 2\\frontend\\src\\components\\InventoryTable.jsx": {"path":"C:\\Users\\Dexter\\OneDrive\\Documents\\Frontend sightsync objective 2\\frontend\\src\\components\\InventoryTable.jsx","statementMap":{"0":{"start":{"line":2,"column":2},"end":{"line":29,"column":null}},"1":{"start":{"line":20,"column":12},"end":{"line":25,"column":null}}},"fnMap":{"0":{"name":"InventoryTable","decl":{"start":{"line":1,"column":9},"end":{"line":1,"column":24}},"loc":{"start":{"line":1,"column":39},"end":{"line":31,"column":null}},"line":1},"1":{"name":"(anonymous_1)","decl":{"start":{"line":19,"column":21},"end":{"line":19,"column":26}},"loc":{"start":{"line":20,"column":12},"end":{"line":25,"column":null}},"line":20}},"branchMap":{},"s":{"0":4,"1":4},"f":{"0":4,"1":4},"b":{},"meta":{"lastBranch":0,"lastFunction":2,"lastStatement":2,"seen":{"f:1:9:1:24":0,"s:2:2:29:Infinity":0,"f:19:21:19:26":1,"s:20:12:25:Infinity":1},"fnNames":{}}}
}
