{"C:\\Users\\John Patrick Lalo\\OneDrive\\Desktop\\after thesis shits here\\frontend sightsync obj1\\frontend\\src\\components\\AppLayout.jsx": {"path":"C:\\Users\\John Patrick Lalo\\OneDrive\\Desktop\\after thesis shits here\\frontend sightsync obj1\\frontend\\src\\components\\AppLayout.jsx","statementMap":{"0":{"start":{"line":5,"column":20},"end":{"line":5,"column":null}},"1":{"start":{"line":7,"column":2},"end":{"line":57,"column":null}},"2":{"start":{"line":20,"column":37},"end":{"line":20,"column":64}},"3":{"start":{"line":25,"column":37},"end":{"line":25,"column":63}},"4":{"start":{"line":30,"column":37},"end":{"line":30,"column":67}}},"fnMap":{"0":{"name":"AppLayout","decl":{"start":{"line":3,"column":24},"end":{"line":3,"column":34}},"loc":{"start":{"line":3,"column":48},"end":{"line":59,"column":null}},"line":3},"1":{"name":"(anonymous_1)","decl":{"start":{"line":20,"column":22},"end":{"line":20,"column":37}},"loc":{"start":{"line":20,"column":37},"end":{"line":20,"column":64}},"line":20},"2":{"name":"(anonymous_2)","decl":{"start":{"line":25,"column":22},"end":{"line":25,"column":37}},"loc":{"start":{"line":25,"column":37},"end":{"line":25,"column":63}},"line":25},"3":{"name":"(anonymous_3)","decl":{"start":{"line":30,"column":22},"end":{"line":30,"column":37}},"loc":{"start":{"line":30,"column":37},"end":{"line":30,"column":67}},"line":30}},"branchMap":{},"s":{"0":9,"1":9,"2":1,"3":2,"4":2},"f":{"0":9,"1":1,"2":2,"3":2},"b":{},"meta":{"lastBranch":0,"lastFunction":4,"lastStatement":5,"seen":{"f:3:24:3:34":0,"s:5:20:5:Infinity":0,"s:7:2:57:Infinity":1,"f:20:22:20:37":1,"s:20:37:20:64":2,"f:25:22:25:37":2,"s:25:37:25:63":3,"f:30:22:30:37":3,"s:30:37:30:67":4},"fnNames":{}}}
}
